In clock cycle: 0
Register Write to Reg: 0x05 Val: 0x0FC10000
In clock cycle: 1
Register Write to Reg: 0x05 Val: 0x0FC10000
In clock cycle: 2
Register Write to Reg: 0x06 Val: 0x0FC10000
In clock cycle: 3
Register Write to Reg: 0x06 Val: 0x0FC0FFFC
In clock cycle: 4
Register Write to Reg: 0x07 Val: 0x00000000
In clock cycle: 5
Register Write to Reg: 0x07 Val: 0x0000000C
In clock cycle: 6
Register Write to Reg: 0x01 Val: 0x0000000C
In clock cycle: 7
Memory Write to Addr: 0x0FC10000 Val: 0x0FC10000
In clock cycle: 8
Register Write to Reg: 0x01 Val: 0x00000018
In clock cycle: 9
Register Write to Reg: 0x00 Val: 0x00000018
In clock cycle: 10
Memory Write to Addr: 0x0FC0FFFC Val: 0x00000018
Execution is stopping! Clock Cycle: 11
