QuestaSim-64 vcom 2025.1_2 Compiler 2025.04 Apr  7 2025
Start time: 19:44:31 on Nov 08,2025
vcom -2008 -work internal/ModelSimContainer/work proj/src/RISCV_types.vhd internal/testpy/tb.vhd proj/src/decoder5t32.vhd proj/src/mem.vhd proj/src/addsub.vhd proj/src/fetch.vhd proj/src/reg_n.vhd proj/src/mux32_1.vhd proj/src/barrelshifter.vhd proj/src/alu.vhd proj/src/RISCV_Processor.vhd proj/src/dffg.vhd proj/src/immgen.vhd proj/src/alu_control.vhd proj/src/control.vhd proj/src/mux2t1_n.vhd proj/src/zero_extender.vhd proj/src/sign_extender.vhd proj/src/RISCV_types.vhd proj/src/adder_n.vhd proj/src/regfile.vhd 
-- Loading package STANDARD
-- Loading package TEXTIO
-- Loading package std_logic_1164
-- Compiling package RISCV_types
-- Compiling package body RISCV_types
-- Loading package RISCV_types
-- Loading package std_logic_textio
-- Loading package ENV
-- Compiling entity tb
-- Compiling architecture mixed of tb
-- Loading package NUMERIC_STD
-- Compiling entity decoder5t32
-- Compiling architecture dataflow of decoder5t32
-- Compiling entity mem
-- Compiling architecture rtl of mem
-- Compiling entity addsub
-- Compiling architecture rtl of addsub
-- Compiling entity fetch
-- Compiling architecture structural of fetch
-- Compiling entity reg_n
-- Compiling architecture structural of reg_n
-- Compiling entity mux32_1
-- Compiling architecture rtl of mux32_1
-- Compiling entity barrelshifter
-- Compiling architecture dataflow of barrelshifter
-- Compiling entity alu
-- Compiling architecture structural of alu
-- Loading package RISCV_types
-- Compiling entity RISCV_Processor
-- Compiling architecture structure of RISCV_Processor
-- Compiling entity dffg
-- Compiling architecture mixed of dffg
-- Compiling entity immgen
-- Compiling architecture dataflow of immgen
-- Compiling entity alu_control
-- Compiling architecture dataflow of alu_control
-- Compiling entity control
-- Compiling architecture dataflow of control
-- Compiling entity mux2t1_n
-- Compiling architecture rtl of mux2t1_n
-- Compiling entity zero_extender
-- Compiling architecture rtl of zero_extender
-- Compiling entity sign_extender
-- Compiling architecture rtl of sign_extender
** Warning: proj/src/RISCV_types.vhd(15): (vcom-1615) Existing package 'RISCV_types' at line 18 will be overwritten.
-- Compiling package RISCV_types
** Warning: proj/src/RISCV_types.vhd(30): (vcom-1615) Existing package body 'RISCV_types(body)' at line 30 will be overwritten.
-- Compiling package body RISCV_types
-- Loading package RISCV_types
-- Compiling entity adder_n
-- Compiling architecture rtl of adder_n
-- Compiling entity regfile
-- Compiling architecture rtl of regfile
End time: 19:44:31 on Nov 08,2025, Elapsed time: 0:00:00
Errors: 0, Warnings: 2
