In clock cycle: 0
Register Write to Reg: 0x05 Val: 0xDEADC000
In clock cycle: 1
Register Write to Reg: 0x05 Val: 0xDEADBEEF
In clock cycle: 2
Register Write to Reg: 0x06 Val: 0x00000000
In clock cycle: 3
Register Write to Reg: 0x07 Val: 0x0FC1000C
In clock cycle: 4
Register Write to Reg: 0x07 Val: 0x0FC10000
In clock cycle: 5
Memory Write to Addr: 0x0FC10000 Val: 0x00000000
In clock cycle: 6
Register Write to Reg: 0x05 Val: 0xCAFEC000
In clock cycle: 7
Register Write to Reg: 0x05 Val: 0xCAFEBABE
In clock cycle: 8
Register Write to Reg: 0x06 Val: 0xCAFEBABE
In clock cycle: 9
Register Write to Reg: 0x07 Val: 0x0FC10024
In clock cycle: 10
Register Write to Reg: 0x07 Val: 0x0FC10004
In clock cycle: 11
Memory Write to Addr: 0x0FC10004 Val: 0xCAFEBABE
In clock cycle: 12
Register Write to Reg: 0x1C Val: 0x00000000
In clock cycle: 13
Register Write to Reg: 0x07 Val: 0x0FC10034
In clock cycle: 14
Register Write to Reg: 0x07 Val: 0x0FC10008
In clock cycle: 15
Memory Write to Addr: 0x0FC10008 Val: 0x00000000
Execution is stopping! Clock Cycle: 16
