[inst #1] auipc x10,64528
Register Write to Reg: 0x0A Val: 0x10010000
[inst #2] addi x10,x10,0
Register Write to Reg: 0x0A Val: 0x10010000
[inst #3] addi x11,x0,0
Register Write to Reg: 0x0B Val: 0x00000000
[inst #4] auipc x5,64528
Register Write to Reg: 0x05 Val: 0x1001000C
[inst #5] lw x5,20(x5)
Register Write to Reg: 0x05 Val: 0x00000008
[inst #6] addi x12,x5,-1
Register Write to Reg: 0x0C Val: 0x00000007
[inst #7] jal x1,8
Register Write to Reg: 0x01 Val: 0x0040001C
[inst #8] bge x11,x12,80
[inst #9] add x5,x11,x12
Register Write to Reg: 0x05 Val: 0x00000007
[inst #10] srai x6,x5,1
Register Write to Reg: 0x06 Val: 0x00000003
[inst #11] addi x2,x2,-16
Register Write to Reg: 0x02 Val: 0x7FFFEFEC
[inst #12] sw x1,12(x2)
Memory Write to Addr: 0x7FFFEFF8 Val: 0x0040001C
[inst #13] sw x11,8(x2)
Memory Write to Addr: 0x7FFFEFF4 Val: 0x00000000
[inst #14] sw x12,4(x2)
Memory Write to Addr: 0x7FFFEFF0 Val: 0x00000007
[inst #15] sw x6,0(x2)
Memory Write to Addr: 0x7FFFEFEC Val: 0x00000003
[inst #16] add x12,x0,x6
Register Write to Reg: 0x0C Val: 0x00000003
[inst #17] jal x1,-36
Register Write to Reg: 0x01 Val: 0x00400048
[inst #18] bge x11,x12,80
[inst #19] add x5,x11,x12
Register Write to Reg: 0x05 Val: 0x00000003
[inst #20] srai x6,x5,1
Register Write to Reg: 0x06 Val: 0x00000001
[inst #21] addi x2,x2,-16
Register Write to Reg: 0x02 Val: 0x7FFFEFDC
[inst #22] sw x1,12(x2)
Memory Write to Addr: 0x7FFFEFE8 Val: 0x00400048
[inst #23] sw x11,8(x2)
Memory Write to Addr: 0x7FFFEFE4 Val: 0x00000000
[inst #24] sw x12,4(x2)
Memory Write to Addr: 0x7FFFEFE0 Val: 0x00000003
[inst #25] sw x6,0(x2)
Memory Write to Addr: 0x7FFFEFDC Val: 0x00000001
[inst #26] add x12,x0,x6
Register Write to Reg: 0x0C Val: 0x00000001
[inst #27] jal x1,-36
Register Write to Reg: 0x01 Val: 0x00400048
[inst #28] bge x11,x12,80
[inst #29] add x5,x11,x12
Register Write to Reg: 0x05 Val: 0x00000001
[inst #30] srai x6,x5,1
Register Write to Reg: 0x06 Val: 0x00000000
[inst #31] addi x2,x2,-16
Register Write to Reg: 0x02 Val: 0x7FFFEFCC
[inst #32] sw x1,12(x2)
Memory Write to Addr: 0x7FFFEFD8 Val: 0x00400048
[inst #33] sw x11,8(x2)
Memory Write to Addr: 0x7FFFEFD4 Val: 0x00000000
[inst #34] sw x12,4(x2)
Memory Write to Addr: 0x7FFFEFD0 Val: 0x00000001
[inst #35] sw x6,0(x2)
Memory Write to Addr: 0x7FFFEFCC Val: 0x00000000
[inst #36] add x12,x0,x6
Register Write to Reg: 0x0C Val: 0x00000000
[inst #37] jal x1,-36
Register Write to Reg: 0x01 Val: 0x00400048
[inst #38] bge x11,x12,80
[inst #39] jalr x0,x1,0
Register Write to Reg: 0x00 Val: 0x00400074
[inst #40] lw x6,0(x2)
Register Write to Reg: 0x06 Val: 0x00000000
[inst #41] addi x11,x6,1
Register Write to Reg: 0x0B Val: 0x00000001
[inst #42] lw x12,4(x2)
Register Write to Reg: 0x0C Val: 0x00000001
[inst #43] jal x1,-52
Register Write to Reg: 0x01 Val: 0x00400058
[inst #44] bge x11,x12,80
[inst #45] jalr x0,x1,0
Register Write to Reg: 0x00 Val: 0x00400074
[inst #46] lw x6,0(x2)
Register Write to Reg: 0x06 Val: 0x00000000
[inst #47] lw x11,8(x2)
Register Write to Reg: 0x0B Val: 0x00000000
[inst #48] lw x12,4(x2)
Register Write to Reg: 0x0C Val: 0x00000001
[inst #49] jal x1,16
Register Write to Reg: 0x01 Val: 0x00400068
[inst #50] addi x2,x2,-64
Register Write to Reg: 0x02 Val: 0x7FFFEF8C
[inst #51] add x7,x0,x2
Register Write to Reg: 0x07 Val: 0x7FFFEF8C
[inst #52] addi x28,x6,1
Register Write to Reg: 0x1C Val: 0x00000001
[inst #53] add x29,x0,x11
Register Write to Reg: 0x1D Val: 0x00000000
[inst #54] add x30,x0,x0
Register Write to Reg: 0x1E Val: 0x00000000
[inst #55] blt x6,x29,100
[inst #56] blt x12,x28,64
[inst #57] slli x31,x29,2
Register Write to Reg: 0x1F Val: 0x00000000
[inst #58] add x31,x10,x31
Register Write to Reg: 0x1F Val: 0x10010000
[inst #59] lw x8,0(x31)
Register Write to Reg: 0x08 Val: 0x00000008
[inst #60] slli x13,x28,2
Register Write to Reg: 0x0D Val: 0x00000004
[inst #61] add x13,x10,x13
Register Write to Reg: 0x0D Val: 0x10010004
[inst #62] lw x9,0(x13)
Register Write to Reg: 0x09 Val: 0x00000003
[inst #63] bge x9,x8,16
[inst #64] sw x9,0(x7)
Memory Write to Addr: 0x7FFFEF8C Val: 0x00000003
[inst #65] addi x28,x28,1
Register Write to Reg: 0x1C Val: 0x00000002
[inst #66] jal x0,12
Register Write to Reg: 0x00 Val: 0x004000B8
[inst #67] addi x7,x7,4
Register Write to Reg: 0x07 Val: 0x7FFFEF90
[inst #68] addi x30,x30,1
Register Write to Reg: 0x1E Val: 0x00000001
[inst #69] jal x0,-64
Register Write to Reg: 0x00 Val: 0x004000CC
[inst #70] blt x6,x29,100
[inst #71] blt x12,x28,64
[inst #72] blt x6,x29,32
[inst #73] slli x31,x29,2
Register Write to Reg: 0x1F Val: 0x00000000
[inst #74] add x31,x10,x31
Register Write to Reg: 0x1F Val: 0x10010000
[inst #75] lw x8,0(x31)
Register Write to Reg: 0x08 Val: 0x00000008
[inst #76] sw x8,0(x7)
Memory Write to Addr: 0x7FFFEF90 Val: 0x00000008
[inst #77] addi x29,x29,1
Register Write to Reg: 0x1D Val: 0x00000001
[inst #78] addi x7,x7,4
Register Write to Reg: 0x07 Val: 0x7FFFEF94
[inst #79] jal x0,-28
Register Write to Reg: 0x00 Val: 0x004000EC
[inst #80] blt x6,x29,32
[inst #81] blt x12,x28,32
[inst #82] add x7,x0,x2
Register Write to Reg: 0x07 Val: 0x7FFFEF8C
[inst #83] add x29,x0,x11
Register Write to Reg: 0x1D Val: 0x00000000
[inst #84] blt x12,x29,32
[inst #85] lw x8,0(x7)
Register Write to Reg: 0x08 Val: 0x00000003
[inst #86] slli x31,x29,2
Register Write to Reg: 0x1F Val: 0x00000000
[inst #87] add x31,x10,x31
Register Write to Reg: 0x1F Val: 0x10010000
[inst #88] sw x8,0(x31)
Memory Write to Addr: 0x10010000 Val: 0x00000003
[inst #89] addi x7,x7,4
Register Write to Reg: 0x07 Val: 0x7FFFEF90
[inst #90] addi x29,x29,1
Register Write to Reg: 0x1D Val: 0x00000001
[inst #91] jal x0,-28
Register Write to Reg: 0x00 Val: 0x00400134
[inst #92] blt x12,x29,32
[inst #93] lw x8,0(x7)
Register Write to Reg: 0x08 Val: 0x00000008
[inst #94] slli x31,x29,2
Register Write to Reg: 0x1F Val: 0x00000004
[inst #95] add x31,x10,x31
Register Write to Reg: 0x1F Val: 0x10010004
[inst #96] sw x8,0(x31)
Memory Write to Addr: 0x10010004 Val: 0x00000008
[inst #97] addi x7,x7,4
Register Write to Reg: 0x07 Val: 0x7FFFEF94
[inst #98] addi x29,x29,1
Register Write to Reg: 0x1D Val: 0x00000002
[inst #99] jal x0,-28
Register Write to Reg: 0x00 Val: 0x00400134
[inst #100] blt x12,x29,32
[inst #101] addi x2,x2,64
Register Write to Reg: 0x02 Val: 0x7FFFEFCC
[inst #102] jalr x0,x1,0
Register Write to Reg: 0x00 Val: 0x0040013C
[inst #103] lw x1,12(x2)
Register Write to Reg: 0x01 Val: 0x00400048
[inst #104] addi x2,x2,16
Register Write to Reg: 0x02 Val: 0x7FFFEFDC
[inst #105] jalr x0,x1,0
Register Write to Reg: 0x00 Val: 0x00400074
[inst #106] lw x6,0(x2)
Register Write to Reg: 0x06 Val: 0x00000001
[inst #107] addi x11,x6,1
Register Write to Reg: 0x0B Val: 0x00000002
[inst #108] lw x12,4(x2)
Register Write to Reg: 0x0C Val: 0x00000003
[inst #109] jal x1,-52
Register Write to Reg: 0x01 Val: 0x00400058
[inst #110] bge x11,x12,80
[inst #111] add x5,x11,x12
Register Write to Reg: 0x05 Val: 0x00000005
[inst #112] srai x6,x5,1
Register Write to Reg: 0x06 Val: 0x00000002
[inst #113] addi x2,x2,-16
Register Write to Reg: 0x02 Val: 0x7FFFEFCC
[inst #114] sw x1,12(x2)
Memory Write to Addr: 0x7FFFEFD8 Val: 0x00400058
[inst #115] sw x11,8(x2)
Memory Write to Addr: 0x7FFFEFD4 Val: 0x00000002
[inst #116] sw x12,4(x2)
Memory Write to Addr: 0x7FFFEFD0 Val: 0x00000003
[inst #117] sw x6,0(x2)
Memory Write to Addr: 0x7FFFEFCC Val: 0x00000002
[inst #118] add x12,x0,x6
Register Write to Reg: 0x0C Val: 0x00000002
[inst #119] jal x1,-36
Register Write to Reg: 0x01 Val: 0x00400048
[inst #120] bge x11,x12,80
[inst #121] jalr x0,x1,0
Register Write to Reg: 0x00 Val: 0x00400074
[inst #122] lw x6,0(x2)
Register Write to Reg: 0x06 Val: 0x00000002
[inst #123] addi x11,x6,1
Register Write to Reg: 0x0B Val: 0x00000003
[inst #124] lw x12,4(x2)
Register Write to Reg: 0x0C Val: 0x00000003
[inst #125] jal x1,-52
Register Write to Reg: 0x01 Val: 0x00400058
[inst #126] bge x11,x12,80
[inst #127] jalr x0,x1,0
Register Write to Reg: 0x00 Val: 0x00400074
[inst #128] lw x6,0(x2)
Register Write to Reg: 0x06 Val: 0x00000002
[inst #129] lw x11,8(x2)
Register Write to Reg: 0x0B Val: 0x00000002
[inst #130] lw x12,4(x2)
Register Write to Reg: 0x0C Val: 0x00000003
[inst #131] jal x1,16
Register Write to Reg: 0x01 Val: 0x00400068
[inst #132] addi x2,x2,-64
Register Write to Reg: 0x02 Val: 0x7FFFEF8C
[inst #133] add x7,x0,x2
Register Write to Reg: 0x07 Val: 0x7FFFEF8C
[inst #134] addi x28,x6,1
Register Write to Reg: 0x1C Val: 0x00000003
[inst #135] add x29,x0,x11
Register Write to Reg: 0x1D Val: 0x00000002
[inst #136] add x30,x0,x0
Register Write to Reg: 0x1E Val: 0x00000000
[inst #137] blt x6,x29,100
[inst #138] blt x12,x28,64
[inst #139] slli x31,x29,2
Register Write to Reg: 0x1F Val: 0x00000008
[inst #140] add x31,x10,x31
Register Write to Reg: 0x1F Val: 0x10010008
[inst #141] lw x8,0(x31)
Register Write to Reg: 0x08 Val: 0x00000005
[inst #142] slli x13,x28,2
Register Write to Reg: 0x0D Val: 0x0000000C
[inst #143] add x13,x10,x13
Register Write to Reg: 0x0D Val: 0x1001000C
[inst #144] lw x9,0(x13)
Register Write to Reg: 0x09 Val: 0x00000004
[inst #145] bge x9,x8,16
[inst #146] sw x9,0(x7)
Memory Write to Addr: 0x7FFFEF8C Val: 0x00000004
[inst #147] addi x28,x28,1
Register Write to Reg: 0x1C Val: 0x00000004
[inst #148] jal x0,12
Register Write to Reg: 0x00 Val: 0x004000B8
[inst #149] addi x7,x7,4
Register Write to Reg: 0x07 Val: 0x7FFFEF90
[inst #150] addi x30,x30,1
Register Write to Reg: 0x1E Val: 0x00000001
[inst #151] jal x0,-64
Register Write to Reg: 0x00 Val: 0x004000CC
[inst #152] blt x6,x29,100
[inst #153] blt x12,x28,64
[inst #154] blt x6,x29,32
[inst #155] slli x31,x29,2
Register Write to Reg: 0x1F Val: 0x00000008
[inst #156] add x31,x10,x31
Register Write to Reg: 0x1F Val: 0x10010008
[inst #157] lw x8,0(x31)
Register Write to Reg: 0x08 Val: 0x00000005
[inst #158] sw x8,0(x7)
Memory Write to Addr: 0x7FFFEF90 Val: 0x00000005
[inst #159] addi x29,x29,1
Register Write to Reg: 0x1D Val: 0x00000003
[inst #160] addi x7,x7,4
Register Write to Reg: 0x07 Val: 0x7FFFEF94
[inst #161] jal x0,-28
Register Write to Reg: 0x00 Val: 0x004000EC
[inst #162] blt x6,x29,32
[inst #163] blt x12,x28,32
[inst #164] add x7,x0,x2
Register Write to Reg: 0x07 Val: 0x7FFFEF8C
[inst #165] add x29,x0,x11
Register Write to Reg: 0x1D Val: 0x00000002
[inst #166] blt x12,x29,32
[inst #167] lw x8,0(x7)
Register Write to Reg: 0x08 Val: 0x00000004
[inst #168] slli x31,x29,2
Register Write to Reg: 0x1F Val: 0x00000008
[inst #169] add x31,x10,x31
Register Write to Reg: 0x1F Val: 0x10010008
[inst #170] sw x8,0(x31)
Memory Write to Addr: 0x10010008 Val: 0x00000004
[inst #171] addi x7,x7,4
Register Write to Reg: 0x07 Val: 0x7FFFEF90
[inst #172] addi x29,x29,1
Register Write to Reg: 0x1D Val: 0x00000003
[inst #173] jal x0,-28
Register Write to Reg: 0x00 Val: 0x00400134
[inst #174] blt x12,x29,32
[inst #175] lw x8,0(x7)
Register Write to Reg: 0x08 Val: 0x00000005
[inst #176] slli x31,x29,2
Register Write to Reg: 0x1F Val: 0x0000000C
[inst #177] add x31,x10,x31
Register Write to Reg: 0x1F Val: 0x1001000C
[inst #178] sw x8,0(x31)
Memory Write to Addr: 0x1001000C Val: 0x00000005
[inst #179] addi x7,x7,4
Register Write to Reg: 0x07 Val: 0x7FFFEF94
[inst #180] addi x29,x29,1
Register Write to Reg: 0x1D Val: 0x00000004
[inst #181] jal x0,-28
Register Write to Reg: 0x00 Val: 0x00400134
[inst #182] blt x12,x29,32
[inst #183] addi x2,x2,64
Register Write to Reg: 0x02 Val: 0x7FFFEFCC
[inst #184] jalr x0,x1,0
Register Write to Reg: 0x00 Val: 0x0040013C
[inst #185] lw x1,12(x2)
Register Write to Reg: 0x01 Val: 0x00400058
[inst #186] addi x2,x2,16
Register Write to Reg: 0x02 Val: 0x7FFFEFDC
[inst #187] jalr x0,x1,0
Register Write to Reg: 0x00 Val: 0x00400074
[inst #188] lw x6,0(x2)
Register Write to Reg: 0x06 Val: 0x00000001
[inst #189] lw x11,8(x2)
Register Write to Reg: 0x0B Val: 0x00000000
[inst #190] lw x12,4(x2)
Register Write to Reg: 0x0C Val: 0x00000003
[inst #191] jal x1,16
Register Write to Reg: 0x01 Val: 0x00400068
[inst #192] addi x2,x2,-64
Register Write to Reg: 0x02 Val: 0x7FFFEF9C
[inst #193] add x7,x0,x2
Register Write to Reg: 0x07 Val: 0x7FFFEF9C
[inst #194] addi x28,x6,1
Register Write to Reg: 0x1C Val: 0x00000002
[inst #195] add x29,x0,x11
Register Write to Reg: 0x1D Val: 0x00000000
[inst #196] add x30,x0,x0
Register Write to Reg: 0x1E Val: 0x00000000
[inst #197] blt x6,x29,100
[inst #198] blt x12,x28,64
[inst #199] slli x31,x29,2
Register Write to Reg: 0x1F Val: 0x00000000
[inst #200] add x31,x10,x31
Register Write to Reg: 0x1F Val: 0x10010000
[inst #201] lw x8,0(x31)
Register Write to Reg: 0x08 Val: 0x00000003
[inst #202] slli x13,x28,2
Register Write to Reg: 0x0D Val: 0x00000008
[inst #203] add x13,x10,x13
Register Write to Reg: 0x0D Val: 0x10010008
[inst #204] lw x9,0(x13)
Register Write to Reg: 0x09 Val: 0x00000004
[inst #205] bge x9,x8,16
[inst #206] sw x8,0(x7)
Memory Write to Addr: 0x7FFFEF9C Val: 0x00000003
[inst #207] addi x29,x29,1
Register Write to Reg: 0x1D Val: 0x00000001
[inst #208] addi x7,x7,4
Register Write to Reg: 0x07 Val: 0x7FFFEFA0
[inst #209] addi x30,x30,1
Register Write to Reg: 0x1E Val: 0x00000001
[inst #210] jal x0,-64
Register Write to Reg: 0x00 Val: 0x004000CC
[inst #211] blt x6,x29,100
[inst #212] blt x12,x28,64
[inst #213] slli x31,x29,2
Register Write to Reg: 0x1F Val: 0x00000004
[inst #214] add x31,x10,x31
Register Write to Reg: 0x1F Val: 0x10010004
[inst #215] lw x8,0(x31)
Register Write to Reg: 0x08 Val: 0x00000008
[inst #216] slli x13,x28,2
Register Write to Reg: 0x0D Val: 0x00000008
[inst #217] add x13,x10,x13
Register Write to Reg: 0x0D Val: 0x10010008
[inst #218] lw x9,0(x13)
Register Write to Reg: 0x09 Val: 0x00000004
[inst #219] bge x9,x8,16
[inst #220] sw x9,0(x7)
Memory Write to Addr: 0x7FFFEFA0 Val: 0x00000004
[inst #221] addi x28,x28,1
Register Write to Reg: 0x1C Val: 0x00000003
[inst #222] jal x0,12
Register Write to Reg: 0x00 Val: 0x004000B8
[inst #223] addi x7,x7,4
Register Write to Reg: 0x07 Val: 0x7FFFEFA4
[inst #224] addi x30,x30,1
Register Write to Reg: 0x1E Val: 0x00000002
[inst #225] jal x0,-64
Register Write to Reg: 0x00 Val: 0x004000CC
[inst #226] blt x6,x29,100
[inst #227] blt x12,x28,64
[inst #228] slli x31,x29,2
Register Write to Reg: 0x1F Val: 0x00000004
[inst #229] add x31,x10,x31
Register Write to Reg: 0x1F Val: 0x10010004
[inst #230] lw x8,0(x31)
Register Write to Reg: 0x08 Val: 0x00000008
[inst #231] slli x13,x28,2
Register Write to Reg: 0x0D Val: 0x0000000C
[inst #232] add x13,x10,x13
Register Write to Reg: 0x0D Val: 0x1001000C
[inst #233] lw x9,0(x13)
Register Write to Reg: 0x09 Val: 0x00000005
[inst #234] bge x9,x8,16
[inst #235] sw x9,0(x7)
Memory Write to Addr: 0x7FFFEFA4 Val: 0x00000005
[inst #236] addi x28,x28,1
Register Write to Reg: 0x1C Val: 0x00000004
[inst #237] jal x0,12
Register Write to Reg: 0x00 Val: 0x004000B8
[inst #238] addi x7,x7,4
Register Write to Reg: 0x07 Val: 0x7FFFEFA8
[inst #239] addi x30,x30,1
Register Write to Reg: 0x1E Val: 0x00000003
[inst #240] jal x0,-64
Register Write to Reg: 0x00 Val: 0x004000CC
[inst #241] blt x6,x29,100
[inst #242] blt x12,x28,64
[inst #243] blt x6,x29,32
[inst #244] slli x31,x29,2
Register Write to Reg: 0x1F Val: 0x00000004
[inst #245] add x31,x10,x31
Register Write to Reg: 0x1F Val: 0x10010004
[inst #246] lw x8,0(x31)
Register Write to Reg: 0x08 Val: 0x00000008
[inst #247] sw x8,0(x7)
Memory Write to Addr: 0x7FFFEFA8 Val: 0x00000008
[inst #248] addi x29,x29,1
Register Write to Reg: 0x1D Val: 0x00000002
[inst #249] addi x7,x7,4
Register Write to Reg: 0x07 Val: 0x7FFFEFAC
[inst #250] jal x0,-28
Register Write to Reg: 0x00 Val: 0x004000EC
[inst #251] blt x6,x29,32
[inst #252] blt x12,x28,32
[inst #253] add x7,x0,x2
Register Write to Reg: 0x07 Val: 0x7FFFEF9C
[inst #254] add x29,x0,x11
Register Write to Reg: 0x1D Val: 0x00000000
[inst #255] blt x12,x29,32
[inst #256] lw x8,0(x7)
Register Write to Reg: 0x08 Val: 0x00000003
[inst #257] slli x31,x29,2
Register Write to Reg: 0x1F Val: 0x00000000
[inst #258] add x31,x10,x31
Register Write to Reg: 0x1F Val: 0x10010000
[inst #259] sw x8,0(x31)
Memory Write to Addr: 0x10010000 Val: 0x00000003
[inst #260] addi x7,x7,4
Register Write to Reg: 0x07 Val: 0x7FFFEFA0
[inst #261] addi x29,x29,1
Register Write to Reg: 0x1D Val: 0x00000001
[inst #262] jal x0,-28
Register Write to Reg: 0x00 Val: 0x00400134
[inst #263] blt x12,x29,32
[inst #264] lw x8,0(x7)
Register Write to Reg: 0x08 Val: 0x00000004
[inst #265] slli x31,x29,2
Register Write to Reg: 0x1F Val: 0x00000004
[inst #266] add x31,x10,x31
Register Write to Reg: 0x1F Val: 0x10010004
[inst #267] sw x8,0(x31)
Memory Write to Addr: 0x10010004 Val: 0x00000004
[inst #268] addi x7,x7,4
Register Write to Reg: 0x07 Val: 0x7FFFEFA4
[inst #269] addi x29,x29,1
Register Write to Reg: 0x1D Val: 0x00000002
[inst #270] jal x0,-28
Register Write to Reg: 0x00 Val: 0x00400134
[inst #271] blt x12,x29,32
[inst #272] lw x8,0(x7)
Register Write to Reg: 0x08 Val: 0x00000005
[inst #273] slli x31,x29,2
Register Write to Reg: 0x1F Val: 0x00000008
[inst #274] add x31,x10,x31
Register Write to Reg: 0x1F Val: 0x10010008
[inst #275] sw x8,0(x31)
Memory Write to Addr: 0x10010008 Val: 0x00000005
[inst #276] addi x7,x7,4
Register Write to Reg: 0x07 Val: 0x7FFFEFA8
[inst #277] addi x29,x29,1
Register Write to Reg: 0x1D Val: 0x00000003
[inst #278] jal x0,-28
Register Write to Reg: 0x00 Val: 0x00400134
[inst #279] blt x12,x29,32
[inst #280] lw x8,0(x7)
Register Write to Reg: 0x08 Val: 0x00000008
[inst #281] slli x31,x29,2
Register Write to Reg: 0x1F Val: 0x0000000C
[inst #282] add x31,x10,x31
Register Write to Reg: 0x1F Val: 0x1001000C
[inst #283] sw x8,0(x31)
Memory Write to Addr: 0x1001000C Val: 0x00000008
[inst #284] addi x7,x7,4
Register Write to Reg: 0x07 Val: 0x7FFFEFAC
[inst #285] addi x29,x29,1
Register Write to Reg: 0x1D Val: 0x00000004
[inst #286] jal x0,-28
Register Write to Reg: 0x00 Val: 0x00400134
[inst #287] blt x12,x29,32
[inst #288] addi x2,x2,64
Register Write to Reg: 0x02 Val: 0x7FFFEFDC
[inst #289] jalr x0,x1,0
Register Write to Reg: 0x00 Val: 0x0040013C
[inst #290] lw x1,12(x2)
Register Write to Reg: 0x01 Val: 0x00400048
[inst #291] addi x2,x2,16
Register Write to Reg: 0x02 Val: 0x7FFFEFEC
[inst #292] jalr x0,x1,0
Register Write to Reg: 0x00 Val: 0x00400074
[inst #293] lw x6,0(x2)
Register Write to Reg: 0x06 Val: 0x00000003
[inst #294] addi x11,x6,1
Register Write to Reg: 0x0B Val: 0x00000004
[inst #295] lw x12,4(x2)
Register Write to Reg: 0x0C Val: 0x00000007
[inst #296] jal x1,-52
Register Write to Reg: 0x01 Val: 0x00400058
[inst #297] bge x11,x12,80
[inst #298] add x5,x11,x12
Register Write to Reg: 0x05 Val: 0x0000000B
[inst #299] srai x6,x5,1
Register Write to Reg: 0x06 Val: 0x00000005
[inst #300] addi x2,x2,-16
Register Write to Reg: 0x02 Val: 0x7FFFEFDC
[inst #301] sw x1,12(x2)
Memory Write to Addr: 0x7FFFEFE8 Val: 0x00400058
[inst #302] sw x11,8(x2)
Memory Write to Addr: 0x7FFFEFE4 Val: 0x00000004
[inst #303] sw x12,4(x2)
Memory Write to Addr: 0x7FFFEFE0 Val: 0x00000007
[inst #304] sw x6,0(x2)
Memory Write to Addr: 0x7FFFEFDC Val: 0x00000005
[inst #305] add x12,x0,x6
Register Write to Reg: 0x0C Val: 0x00000005
[inst #306] jal x1,-36
Register Write to Reg: 0x01 Val: 0x00400048
[inst #307] bge x11,x12,80
[inst #308] add x5,x11,x12
Register Write to Reg: 0x05 Val: 0x00000009
[inst #309] srai x6,x5,1
Register Write to Reg: 0x06 Val: 0x00000004
[inst #310] addi x2,x2,-16
Register Write to Reg: 0x02 Val: 0x7FFFEFCC
[inst #311] sw x1,12(x2)
Memory Write to Addr: 0x7FFFEFD8 Val: 0x00400048
[inst #312] sw x11,8(x2)
Memory Write to Addr: 0x7FFFEFD4 Val: 0x00000004
[inst #313] sw x12,4(x2)
Memory Write to Addr: 0x7FFFEFD0 Val: 0x00000005
[inst #314] sw x6,0(x2)
Memory Write to Addr: 0x7FFFEFCC Val: 0x00000004
[inst #315] add x12,x0,x6
Register Write to Reg: 0x0C Val: 0x00000004
[inst #316] jal x1,-36
Register Write to Reg: 0x01 Val: 0x00400048
[inst #317] bge x11,x12,80
[inst #318] jalr x0,x1,0
Register Write to Reg: 0x00 Val: 0x00400074
[inst #319] lw x6,0(x2)
Register Write to Reg: 0x06 Val: 0x00000004
[inst #320] addi x11,x6,1
Register Write to Reg: 0x0B Val: 0x00000005
[inst #321] lw x12,4(x2)
Register Write to Reg: 0x0C Val: 0x00000005
[inst #322] jal x1,-52
Register Write to Reg: 0x01 Val: 0x00400058
[inst #323] bge x11,x12,80
[inst #324] jalr x0,x1,0
Register Write to Reg: 0x00 Val: 0x00400074
[inst #325] lw x6,0(x2)
Register Write to Reg: 0x06 Val: 0x00000004
[inst #326] lw x11,8(x2)
Register Write to Reg: 0x0B Val: 0x00000004
[inst #327] lw x12,4(x2)
Register Write to Reg: 0x0C Val: 0x00000005
[inst #328] jal x1,16
Register Write to Reg: 0x01 Val: 0x00400068
[inst #329] addi x2,x2,-64
Register Write to Reg: 0x02 Val: 0x7FFFEF8C
[inst #330] add x7,x0,x2
Register Write to Reg: 0x07 Val: 0x7FFFEF8C
[inst #331] addi x28,x6,1
Register Write to Reg: 0x1C Val: 0x00000005
[inst #332] add x29,x0,x11
Register Write to Reg: 0x1D Val: 0x00000004
[inst #333] add x30,x0,x0
Register Write to Reg: 0x1E Val: 0x00000000
[inst #334] blt x6,x29,100
[inst #335] blt x12,x28,64
[inst #336] slli x31,x29,2
Register Write to Reg: 0x1F Val: 0x00000010
[inst #337] add x31,x10,x31
Register Write to Reg: 0x1F Val: 0x10010010
[inst #338] lw x8,0(x31)
Register Write to Reg: 0x08 Val: 0x00000007
[inst #339] slli x13,x28,2
Register Write to Reg: 0x0D Val: 0x00000014
[inst #340] add x13,x10,x13
Register Write to Reg: 0x0D Val: 0x10010014
[inst #341] lw x9,0(x13)
Register Write to Reg: 0x09 Val: 0x00000002
[inst #342] bge x9,x8,16
[inst #343] sw x9,0(x7)
Memory Write to Addr: 0x7FFFEF8C Val: 0x00000002
[inst #344] addi x28,x28,1
Register Write to Reg: 0x1C Val: 0x00000006
[inst #345] jal x0,12
Register Write to Reg: 0x00 Val: 0x004000B8
[inst #346] addi x7,x7,4
Register Write to Reg: 0x07 Val: 0x7FFFEF90
[inst #347] addi x30,x30,1
Register Write to Reg: 0x1E Val: 0x00000001
[inst #348] jal x0,-64
Register Write to Reg: 0x00 Val: 0x004000CC
[inst #349] blt x6,x29,100
[inst #350] blt x12,x28,64
[inst #351] blt x6,x29,32
[inst #352] slli x31,x29,2
Register Write to Reg: 0x1F Val: 0x00000010
[inst #353] add x31,x10,x31
Register Write to Reg: 0x1F Val: 0x10010010
[inst #354] lw x8,0(x31)
Register Write to Reg: 0x08 Val: 0x00000007
[inst #355] sw x8,0(x7)
Memory Write to Addr: 0x7FFFEF90 Val: 0x00000007
[inst #356] addi x29,x29,1
Register Write to Reg: 0x1D Val: 0x00000005
[inst #357] addi x7,x7,4
Register Write to Reg: 0x07 Val: 0x7FFFEF94
[inst #358] jal x0,-28
Register Write to Reg: 0x00 Val: 0x004000EC
[inst #359] blt x6,x29,32
[inst #360] blt x12,x28,32
[inst #361] add x7,x0,x2
Register Write to Reg: 0x07 Val: 0x7FFFEF8C
[inst #362] add x29,x0,x11
Register Write to Reg: 0x1D Val: 0x00000004
[inst #363] blt x12,x29,32
[inst #364] lw x8,0(x7)
Register Write to Reg: 0x08 Val: 0x00000002
[inst #365] slli x31,x29,2
Register Write to Reg: 0x1F Val: 0x00000010
[inst #366] add x31,x10,x31
Register Write to Reg: 0x1F Val: 0x10010010
[inst #367] sw x8,0(x31)
Memory Write to Addr: 0x10010010 Val: 0x00000002
[inst #368] addi x7,x7,4
Register Write to Reg: 0x07 Val: 0x7FFFEF90
[inst #369] addi x29,x29,1
Register Write to Reg: 0x1D Val: 0x00000005
[inst #370] jal x0,-28
Register Write to Reg: 0x00 Val: 0x00400134
[inst #371] blt x12,x29,32
[inst #372] lw x8,0(x7)
Register Write to Reg: 0x08 Val: 0x00000007
[inst #373] slli x31,x29,2
Register Write to Reg: 0x1F Val: 0x00000014
[inst #374] add x31,x10,x31
Register Write to Reg: 0x1F Val: 0x10010014
[inst #375] sw x8,0(x31)
Memory Write to Addr: 0x10010014 Val: 0x00000007
[inst #376] addi x7,x7,4
Register Write to Reg: 0x07 Val: 0x7FFFEF94
[inst #377] addi x29,x29,1
Register Write to Reg: 0x1D Val: 0x00000006
[inst #378] jal x0,-28
Register Write to Reg: 0x00 Val: 0x00400134
[inst #379] blt x12,x29,32
[inst #380] addi x2,x2,64
Register Write to Reg: 0x02 Val: 0x7FFFEFCC
[inst #381] jalr x0,x1,0
Register Write to Reg: 0x00 Val: 0x0040013C
[inst #382] lw x1,12(x2)
Register Write to Reg: 0x01 Val: 0x00400048
[inst #383] addi x2,x2,16
Register Write to Reg: 0x02 Val: 0x7FFFEFDC
[inst #384] jalr x0,x1,0
Register Write to Reg: 0x00 Val: 0x00400074
[inst #385] lw x6,0(x2)
Register Write to Reg: 0x06 Val: 0x00000005
[inst #386] addi x11,x6,1
Register Write to Reg: 0x0B Val: 0x00000006
[inst #387] lw x12,4(x2)
Register Write to Reg: 0x0C Val: 0x00000007
[inst #388] jal x1,-52
Register Write to Reg: 0x01 Val: 0x00400058
[inst #389] bge x11,x12,80
[inst #390] add x5,x11,x12
Register Write to Reg: 0x05 Val: 0x0000000D
[inst #391] srai x6,x5,1
Register Write to Reg: 0x06 Val: 0x00000006
[inst #392] addi x2,x2,-16
Register Write to Reg: 0x02 Val: 0x7FFFEFCC
[inst #393] sw x1,12(x2)
Memory Write to Addr: 0x7FFFEFD8 Val: 0x00400058
[inst #394] sw x11,8(x2)
Memory Write to Addr: 0x7FFFEFD4 Val: 0x00000006
[inst #395] sw x12,4(x2)
Memory Write to Addr: 0x7FFFEFD0 Val: 0x00000007
[inst #396] sw x6,0(x2)
Memory Write to Addr: 0x7FFFEFCC Val: 0x00000006
[inst #397] add x12,x0,x6
Register Write to Reg: 0x0C Val: 0x00000006
[inst #398] jal x1,-36
Register Write to Reg: 0x01 Val: 0x00400048
[inst #399] bge x11,x12,80
[inst #400] jalr x0,x1,0
Register Write to Reg: 0x00 Val: 0x00400074
[inst #401] lw x6,0(x2)
Register Write to Reg: 0x06 Val: 0x00000006
[inst #402] addi x11,x6,1
Register Write to Reg: 0x0B Val: 0x00000007
[inst #403] lw x12,4(x2)
Register Write to Reg: 0x0C Val: 0x00000007
[inst #404] jal x1,-52
Register Write to Reg: 0x01 Val: 0x00400058
[inst #405] bge x11,x12,80
[inst #406] jalr x0,x1,0
Register Write to Reg: 0x00 Val: 0x00400074
[inst #407] lw x6,0(x2)
Register Write to Reg: 0x06 Val: 0x00000006
[inst #408] lw x11,8(x2)
Register Write to Reg: 0x0B Val: 0x00000006
[inst #409] lw x12,4(x2)
Register Write to Reg: 0x0C Val: 0x00000007
[inst #410] jal x1,16
Register Write to Reg: 0x01 Val: 0x00400068
[inst #411] addi x2,x2,-64
Register Write to Reg: 0x02 Val: 0x7FFFEF8C
[inst #412] add x7,x0,x2
Register Write to Reg: 0x07 Val: 0x7FFFEF8C
[inst #413] addi x28,x6,1
Register Write to Reg: 0x1C Val: 0x00000007
[inst #414] add x29,x0,x11
Register Write to Reg: 0x1D Val: 0x00000006
[inst #415] add x30,x0,x0
Register Write to Reg: 0x1E Val: 0x00000000
[inst #416] blt x6,x29,100
[inst #417] blt x12,x28,64
[inst #418] slli x31,x29,2
Register Write to Reg: 0x1F Val: 0x00000018
[inst #419] add x31,x10,x31
Register Write to Reg: 0x1F Val: 0x10010018
[inst #420] lw x8,0(x31)
Register Write to Reg: 0x08 Val: 0x00000006
[inst #421] slli x13,x28,2
Register Write to Reg: 0x0D Val: 0x0000001C
[inst #422] add x13,x10,x13
Register Write to Reg: 0x0D Val: 0x1001001C
[inst #423] lw x9,0(x13)
Register Write to Reg: 0x09 Val: 0x00000001
[inst #424] bge x9,x8,16
[inst #425] sw x9,0(x7)
Memory Write to Addr: 0x7FFFEF8C Val: 0x00000001
[inst #426] addi x28,x28,1
Register Write to Reg: 0x1C Val: 0x00000008
[inst #427] jal x0,12
Register Write to Reg: 0x00 Val: 0x004000B8
[inst #428] addi x7,x7,4
Register Write to Reg: 0x07 Val: 0x7FFFEF90
[inst #429] addi x30,x30,1
Register Write to Reg: 0x1E Val: 0x00000001
[inst #430] jal x0,-64
Register Write to Reg: 0x00 Val: 0x004000CC
[inst #431] blt x6,x29,100
[inst #432] blt x12,x28,64
[inst #433] blt x6,x29,32
[inst #434] slli x31,x29,2
Register Write to Reg: 0x1F Val: 0x00000018
[inst #435] add x31,x10,x31
Register Write to Reg: 0x1F Val: 0x10010018
[inst #436] lw x8,0(x31)
Register Write to Reg: 0x08 Val: 0x00000006
[inst #437] sw x8,0(x7)
Memory Write to Addr: 0x7FFFEF90 Val: 0x00000006
[inst #438] addi x29,x29,1
Register Write to Reg: 0x1D Val: 0x00000007
[inst #439] addi x7,x7,4
Register Write to Reg: 0x07 Val: 0x7FFFEF94
[inst #440] jal x0,-28
Register Write to Reg: 0x00 Val: 0x004000EC
[inst #441] blt x6,x29,32
[inst #442] blt x12,x28,32
[inst #443] add x7,x0,x2
Register Write to Reg: 0x07 Val: 0x7FFFEF8C
[inst #444] add x29,x0,x11
Register Write to Reg: 0x1D Val: 0x00000006
[inst #445] blt x12,x29,32
[inst #446] lw x8,0(x7)
Register Write to Reg: 0x08 Val: 0x00000001
[inst #447] slli x31,x29,2
Register Write to Reg: 0x1F Val: 0x00000018
[inst #448] add x31,x10,x31
Register Write to Reg: 0x1F Val: 0x10010018
[inst #449] sw x8,0(x31)
Memory Write to Addr: 0x10010018 Val: 0x00000001
[inst #450] addi x7,x7,4
Register Write to Reg: 0x07 Val: 0x7FFFEF90
[inst #451] addi x29,x29,1
Register Write to Reg: 0x1D Val: 0x00000007
[inst #452] jal x0,-28
Register Write to Reg: 0x00 Val: 0x00400134
[inst #453] blt x12,x29,32
[inst #454] lw x8,0(x7)
Register Write to Reg: 0x08 Val: 0x00000006
[inst #455] slli x31,x29,2
Register Write to Reg: 0x1F Val: 0x0000001C
[inst #456] add x31,x10,x31
Register Write to Reg: 0x1F Val: 0x1001001C
[inst #457] sw x8,0(x31)
Memory Write to Addr: 0x1001001C Val: 0x00000006
[inst #458] addi x7,x7,4
Register Write to Reg: 0x07 Val: 0x7FFFEF94
[inst #459] addi x29,x29,1
Register Write to Reg: 0x1D Val: 0x00000008
[inst #460] jal x0,-28
Register Write to Reg: 0x00 Val: 0x00400134
[inst #461] blt x12,x29,32
[inst #462] addi x2,x2,64
Register Write to Reg: 0x02 Val: 0x7FFFEFCC
[inst #463] jalr x0,x1,0
Register Write to Reg: 0x00 Val: 0x0040013C
[inst #464] lw x1,12(x2)
Register Write to Reg: 0x01 Val: 0x00400058
[inst #465] addi x2,x2,16
Register Write to Reg: 0x02 Val: 0x7FFFEFDC
[inst #466] jalr x0,x1,0
Register Write to Reg: 0x00 Val: 0x00400074
[inst #467] lw x6,0(x2)
Register Write to Reg: 0x06 Val: 0x00000005
[inst #468] lw x11,8(x2)
Register Write to Reg: 0x0B Val: 0x00000004
[inst #469] lw x12,4(x2)
Register Write to Reg: 0x0C Val: 0x00000007
[inst #470] jal x1,16
Register Write to Reg: 0x01 Val: 0x00400068
[inst #471] addi x2,x2,-64
Register Write to Reg: 0x02 Val: 0x7FFFEF9C
[inst #472] add x7,x0,x2
Register Write to Reg: 0x07 Val: 0x7FFFEF9C
[inst #473] addi x28,x6,1
Register Write to Reg: 0x1C Val: 0x00000006
[inst #474] add x29,x0,x11
Register Write to Reg: 0x1D Val: 0x00000004
[inst #475] add x30,x0,x0
Register Write to Reg: 0x1E Val: 0x00000000
[inst #476] blt x6,x29,100
[inst #477] blt x12,x28,64
[inst #478] slli x31,x29,2
Register Write to Reg: 0x1F Val: 0x00000010
[inst #479] add x31,x10,x31
Register Write to Reg: 0x1F Val: 0x10010010
[inst #480] lw x8,0(x31)
Register Write to Reg: 0x08 Val: 0x00000002
[inst #481] slli x13,x28,2
Register Write to Reg: 0x0D Val: 0x00000018
[inst #482] add x13,x10,x13
Register Write to Reg: 0x0D Val: 0x10010018
[inst #483] lw x9,0(x13)
Register Write to Reg: 0x09 Val: 0x00000001
[inst #484] bge x9,x8,16
[inst #485] sw x9,0(x7)
Memory Write to Addr: 0x7FFFEF9C Val: 0x00000001
[inst #486] addi x28,x28,1
Register Write to Reg: 0x1C Val: 0x00000007
[inst #487] jal x0,12
Register Write to Reg: 0x00 Val: 0x004000B8
[inst #488] addi x7,x7,4
Register Write to Reg: 0x07 Val: 0x7FFFEFA0
[inst #489] addi x30,x30,1
Register Write to Reg: 0x1E Val: 0x00000001
[inst #490] jal x0,-64
Register Write to Reg: 0x00 Val: 0x004000CC
[inst #491] blt x6,x29,100
[inst #492] blt x12,x28,64
[inst #493] slli x31,x29,2
Register Write to Reg: 0x1F Val: 0x00000010
[inst #494] add x31,x10,x31
Register Write to Reg: 0x1F Val: 0x10010010
[inst #495] lw x8,0(x31)
Register Write to Reg: 0x08 Val: 0x00000002
[inst #496] slli x13,x28,2
Register Write to Reg: 0x0D Val: 0x0000001C
[inst #497] add x13,x10,x13
Register Write to Reg: 0x0D Val: 0x1001001C
[inst #498] lw x9,0(x13)
Register Write to Reg: 0x09 Val: 0x00000006
[inst #499] bge x9,x8,16
[inst #500] sw x8,0(x7)
Memory Write to Addr: 0x7FFFEFA0 Val: 0x00000002
[inst #501] addi x29,x29,1
Register Write to Reg: 0x1D Val: 0x00000005
[inst #502] addi x7,x7,4
Register Write to Reg: 0x07 Val: 0x7FFFEFA4
[inst #503] addi x30,x30,1
Register Write to Reg: 0x1E Val: 0x00000002
[inst #504] jal x0,-64
Register Write to Reg: 0x00 Val: 0x004000CC
[inst #505] blt x6,x29,100
[inst #506] blt x12,x28,64
[inst #507] slli x31,x29,2
Register Write to Reg: 0x1F Val: 0x00000014
[inst #508] add x31,x10,x31
Register Write to Reg: 0x1F Val: 0x10010014
[inst #509] lw x8,0(x31)
Register Write to Reg: 0x08 Val: 0x00000007
[inst #510] slli x13,x28,2
Register Write to Reg: 0x0D Val: 0x0000001C
[inst #511] add x13,x10,x13
Register Write to Reg: 0x0D Val: 0x1001001C
[inst #512] lw x9,0(x13)
Register Write to Reg: 0x09 Val: 0x00000006
[inst #513] bge x9,x8,16
[inst #514] sw x9,0(x7)
Memory Write to Addr: 0x7FFFEFA4 Val: 0x00000006
[inst #515] addi x28,x28,1
Register Write to Reg: 0x1C Val: 0x00000008
[inst #516] jal x0,12
Register Write to Reg: 0x00 Val: 0x004000B8
[inst #517] addi x7,x7,4
Register Write to Reg: 0x07 Val: 0x7FFFEFA8
[inst #518] addi x30,x30,1
Register Write to Reg: 0x1E Val: 0x00000003
[inst #519] jal x0,-64
Register Write to Reg: 0x00 Val: 0x004000CC
[inst #520] blt x6,x29,100
[inst #521] blt x12,x28,64
[inst #522] blt x6,x29,32
[inst #523] slli x31,x29,2
Register Write to Reg: 0x1F Val: 0x00000014
[inst #524] add x31,x10,x31
Register Write to Reg: 0x1F Val: 0x10010014
[inst #525] lw x8,0(x31)
Register Write to Reg: 0x08 Val: 0x00000007
[inst #526] sw x8,0(x7)
Memory Write to Addr: 0x7FFFEFA8 Val: 0x00000007
[inst #527] addi x29,x29,1
Register Write to Reg: 0x1D Val: 0x00000006
[inst #528] addi x7,x7,4
Register Write to Reg: 0x07 Val: 0x7FFFEFAC
[inst #529] jal x0,-28
Register Write to Reg: 0x00 Val: 0x004000EC
[inst #530] blt x6,x29,32
[inst #531] blt x12,x28,32
[inst #532] add x7,x0,x2
Register Write to Reg: 0x07 Val: 0x7FFFEF9C
[inst #533] add x29,x0,x11
Register Write to Reg: 0x1D Val: 0x00000004
[inst #534] blt x12,x29,32
[inst #535] lw x8,0(x7)
Register Write to Reg: 0x08 Val: 0x00000001
[inst #536] slli x31,x29,2
Register Write to Reg: 0x1F Val: 0x00000010
[inst #537] add x31,x10,x31
Register Write to Reg: 0x1F Val: 0x10010010
[inst #538] sw x8,0(x31)
Memory Write to Addr: 0x10010010 Val: 0x00000001
[inst #539] addi x7,x7,4
Register Write to Reg: 0x07 Val: 0x7FFFEFA0
[inst #540] addi x29,x29,1
Register Write to Reg: 0x1D Val: 0x00000005
[inst #541] jal x0,-28
Register Write to Reg: 0x00 Val: 0x00400134
[inst #542] blt x12,x29,32
[inst #543] lw x8,0(x7)
Register Write to Reg: 0x08 Val: 0x00000002
[inst #544] slli x31,x29,2
Register Write to Reg: 0x1F Val: 0x00000014
[inst #545] add x31,x10,x31
Register Write to Reg: 0x1F Val: 0x10010014
[inst #546] sw x8,0(x31)
Memory Write to Addr: 0x10010014 Val: 0x00000002
[inst #547] addi x7,x7,4
Register Write to Reg: 0x07 Val: 0x7FFFEFA4
[inst #548] addi x29,x29,1
Register Write to Reg: 0x1D Val: 0x00000006
[inst #549] jal x0,-28
Register Write to Reg: 0x00 Val: 0x00400134
[inst #550] blt x12,x29,32
[inst #551] lw x8,0(x7)
Register Write to Reg: 0x08 Val: 0x00000006
[inst #552] slli x31,x29,2
Register Write to Reg: 0x1F Val: 0x00000018
[inst #553] add x31,x10,x31
Register Write to Reg: 0x1F Val: 0x10010018
[inst #554] sw x8,0(x31)
Memory Write to Addr: 0x10010018 Val: 0x00000006
[inst #555] addi x7,x7,4
Register Write to Reg: 0x07 Val: 0x7FFFEFA8
[inst #556] addi x29,x29,1
Register Write to Reg: 0x1D Val: 0x00000007
[inst #557] jal x0,-28
Register Write to Reg: 0x00 Val: 0x00400134
[inst #558] blt x12,x29,32
[inst #559] lw x8,0(x7)
Register Write to Reg: 0x08 Val: 0x00000007
[inst #560] slli x31,x29,2
Register Write to Reg: 0x1F Val: 0x0000001C
[inst #561] add x31,x10,x31
Register Write to Reg: 0x1F Val: 0x1001001C
[inst #562] sw x8,0(x31)
Memory Write to Addr: 0x1001001C Val: 0x00000007
[inst #563] addi x7,x7,4
Register Write to Reg: 0x07 Val: 0x7FFFEFAC
[inst #564] addi x29,x29,1
Register Write to Reg: 0x1D Val: 0x00000008
[inst #565] jal x0,-28
Register Write to Reg: 0x00 Val: 0x00400134
[inst #566] blt x12,x29,32
[inst #567] addi x2,x2,64
Register Write to Reg: 0x02 Val: 0x7FFFEFDC
[inst #568] jalr x0,x1,0
Register Write to Reg: 0x00 Val: 0x0040013C
[inst #569] lw x1,12(x2)
Register Write to Reg: 0x01 Val: 0x00400058
[inst #570] addi x2,x2,16
Register Write to Reg: 0x02 Val: 0x7FFFEFEC
[inst #571] jalr x0,x1,0
Register Write to Reg: 0x00 Val: 0x00400074
[inst #572] lw x6,0(x2)
Register Write to Reg: 0x06 Val: 0x00000003
[inst #573] lw x11,8(x2)
Register Write to Reg: 0x0B Val: 0x00000000
[inst #574] lw x12,4(x2)
Register Write to Reg: 0x0C Val: 0x00000007
[inst #575] jal x1,16
Register Write to Reg: 0x01 Val: 0x00400068
[inst #576] addi x2,x2,-64
Register Write to Reg: 0x02 Val: 0x7FFFEFAC
[inst #577] add x7,x0,x2
Register Write to Reg: 0x07 Val: 0x7FFFEFAC
[inst #578] addi x28,x6,1
Register Write to Reg: 0x1C Val: 0x00000004
[inst #579] add x29,x0,x11
Register Write to Reg: 0x1D Val: 0x00000000
[inst #580] add x30,x0,x0
Register Write to Reg: 0x1E Val: 0x00000000
[inst #581] blt x6,x29,100
[inst #582] blt x12,x28,64
[inst #583] slli x31,x29,2
Register Write to Reg: 0x1F Val: 0x00000000
[inst #584] add x31,x10,x31
Register Write to Reg: 0x1F Val: 0x10010000
[inst #585] lw x8,0(x31)
Register Write to Reg: 0x08 Val: 0x00000003
[inst #586] slli x13,x28,2
Register Write to Reg: 0x0D Val: 0x00000010
[inst #587] add x13,x10,x13
Register Write to Reg: 0x0D Val: 0x10010010
[inst #588] lw x9,0(x13)
Register Write to Reg: 0x09 Val: 0x00000001
[inst #589] bge x9,x8,16
[inst #590] sw x9,0(x7)
Memory Write to Addr: 0x7FFFEFAC Val: 0x00000001
[inst #591] addi x28,x28,1
Register Write to Reg: 0x1C Val: 0x00000005
[inst #592] jal x0,12
Register Write to Reg: 0x00 Val: 0x004000B8
[inst #593] addi x7,x7,4
Register Write to Reg: 0x07 Val: 0x7FFFEFB0
[inst #594] addi x30,x30,1
Register Write to Reg: 0x1E Val: 0x00000001
[inst #595] jal x0,-64
Register Write to Reg: 0x00 Val: 0x004000CC
[inst #596] blt x6,x29,100
[inst #597] blt x12,x28,64
[inst #598] slli x31,x29,2
Register Write to Reg: 0x1F Val: 0x00000000
[inst #599] add x31,x10,x31
Register Write to Reg: 0x1F Val: 0x10010000
[inst #600] lw x8,0(x31)
Register Write to Reg: 0x08 Val: 0x00000003
[inst #601] slli x13,x28,2
Register Write to Reg: 0x0D Val: 0x00000014
[inst #602] add x13,x10,x13
Register Write to Reg: 0x0D Val: 0x10010014
[inst #603] lw x9,0(x13)
Register Write to Reg: 0x09 Val: 0x00000002
[inst #604] bge x9,x8,16
[inst #605] sw x9,0(x7)
Memory Write to Addr: 0x7FFFEFB0 Val: 0x00000002
[inst #606] addi x28,x28,1
Register Write to Reg: 0x1C Val: 0x00000006
[inst #607] jal x0,12
Register Write to Reg: 0x00 Val: 0x004000B8
[inst #608] addi x7,x7,4
Register Write to Reg: 0x07 Val: 0x7FFFEFB4
[inst #609] addi x30,x30,1
Register Write to Reg: 0x1E Val: 0x00000002
[inst #610] jal x0,-64
Register Write to Reg: 0x00 Val: 0x004000CC
[inst #611] blt x6,x29,100
[inst #612] blt x12,x28,64
[inst #613] slli x31,x29,2
Register Write to Reg: 0x1F Val: 0x00000000
[inst #614] add x31,x10,x31
Register Write to Reg: 0x1F Val: 0x10010000
[inst #615] lw x8,0(x31)
Register Write to Reg: 0x08 Val: 0x00000003
[inst #616] slli x13,x28,2
Register Write to Reg: 0x0D Val: 0x00000018
[inst #617] add x13,x10,x13
Register Write to Reg: 0x0D Val: 0x10010018
[inst #618] lw x9,0(x13)
Register Write to Reg: 0x09 Val: 0x00000006
[inst #619] bge x9,x8,16
[inst #620] sw x8,0(x7)
Memory Write to Addr: 0x7FFFEFB4 Val: 0x00000003
[inst #621] addi x29,x29,1
Register Write to Reg: 0x1D Val: 0x00000001
[inst #622] addi x7,x7,4
Register Write to Reg: 0x07 Val: 0x7FFFEFB8
[inst #623] addi x30,x30,1
Register Write to Reg: 0x1E Val: 0x00000003
[inst #624] jal x0,-64
Register Write to Reg: 0x00 Val: 0x004000CC
[inst #625] blt x6,x29,100
[inst #626] blt x12,x28,64
[inst #627] slli x31,x29,2
Register Write to Reg: 0x1F Val: 0x00000004
[inst #628] add x31,x10,x31
Register Write to Reg: 0x1F Val: 0x10010004
[inst #629] lw x8,0(x31)
Register Write to Reg: 0x08 Val: 0x00000004
[inst #630] slli x13,x28,2
Register Write to Reg: 0x0D Val: 0x00000018
[inst #631] add x13,x10,x13
Register Write to Reg: 0x0D Val: 0x10010018
[inst #632] lw x9,0(x13)
Register Write to Reg: 0x09 Val: 0x00000006
[inst #633] bge x9,x8,16
[inst #634] sw x8,0(x7)
Memory Write to Addr: 0x7FFFEFB8 Val: 0x00000004
[inst #635] addi x29,x29,1
Register Write to Reg: 0x1D Val: 0x00000002
[inst #636] addi x7,x7,4
Register Write to Reg: 0x07 Val: 0x7FFFEFBC
[inst #637] addi x30,x30,1
Register Write to Reg: 0x1E Val: 0x00000004
[inst #638] jal x0,-64
Register Write to Reg: 0x00 Val: 0x004000CC
[inst #639] blt x6,x29,100
[inst #640] blt x12,x28,64
[inst #641] slli x31,x29,2
Register Write to Reg: 0x1F Val: 0x00000008
[inst #642] add x31,x10,x31
Register Write to Reg: 0x1F Val: 0x10010008
[inst #643] lw x8,0(x31)
Register Write to Reg: 0x08 Val: 0x00000005
[inst #644] slli x13,x28,2
Register Write to Reg: 0x0D Val: 0x00000018
[inst #645] add x13,x10,x13
Register Write to Reg: 0x0D Val: 0x10010018
[inst #646] lw x9,0(x13)
Register Write to Reg: 0x09 Val: 0x00000006
[inst #647] bge x9,x8,16
[inst #648] sw x8,0(x7)
Memory Write to Addr: 0x7FFFEFBC Val: 0x00000005
[inst #649] addi x29,x29,1
Register Write to Reg: 0x1D Val: 0x00000003
[inst #650] addi x7,x7,4
Register Write to Reg: 0x07 Val: 0x7FFFEFC0
[inst #651] addi x30,x30,1
Register Write to Reg: 0x1E Val: 0x00000005
[inst #652] jal x0,-64
Register Write to Reg: 0x00 Val: 0x004000CC
[inst #653] blt x6,x29,100
[inst #654] blt x12,x28,64
[inst #655] slli x31,x29,2
Register Write to Reg: 0x1F Val: 0x0000000C
[inst #656] add x31,x10,x31
Register Write to Reg: 0x1F Val: 0x1001000C
[inst #657] lw x8,0(x31)
Register Write to Reg: 0x08 Val: 0x00000008
[inst #658] slli x13,x28,2
Register Write to Reg: 0x0D Val: 0x00000018
[inst #659] add x13,x10,x13
Register Write to Reg: 0x0D Val: 0x10010018
[inst #660] lw x9,0(x13)
Register Write to Reg: 0x09 Val: 0x00000006
[inst #661] bge x9,x8,16
[inst #662] sw x9,0(x7)
Memory Write to Addr: 0x7FFFEFC0 Val: 0x00000006
[inst #663] addi x28,x28,1
Register Write to Reg: 0x1C Val: 0x00000007
[inst #664] jal x0,12
Register Write to Reg: 0x00 Val: 0x004000B8
[inst #665] addi x7,x7,4
Register Write to Reg: 0x07 Val: 0x7FFFEFC4
[inst #666] addi x30,x30,1
Register Write to Reg: 0x1E Val: 0x00000006
[inst #667] jal x0,-64
Register Write to Reg: 0x00 Val: 0x004000CC
[inst #668] blt x6,x29,100
[inst #669] blt x12,x28,64
[inst #670] slli x31,x29,2
Register Write to Reg: 0x1F Val: 0x0000000C
[inst #671] add x31,x10,x31
Register Write to Reg: 0x1F Val: 0x1001000C
[inst #672] lw x8,0(x31)
Register Write to Reg: 0x08 Val: 0x00000008
[inst #673] slli x13,x28,2
Register Write to Reg: 0x0D Val: 0x0000001C
[inst #674] add x13,x10,x13
Register Write to Reg: 0x0D Val: 0x1001001C
[inst #675] lw x9,0(x13)
Register Write to Reg: 0x09 Val: 0x00000007
[inst #676] bge x9,x8,16
[inst #677] sw x9,0(x7)
Memory Write to Addr: 0x7FFFEFC4 Val: 0x00000007
[inst #678] addi x28,x28,1
Register Write to Reg: 0x1C Val: 0x00000008
[inst #679] jal x0,12
Register Write to Reg: 0x00 Val: 0x004000B8
[inst #680] addi x7,x7,4
Register Write to Reg: 0x07 Val: 0x7FFFEFC8
[inst #681] addi x30,x30,1
Register Write to Reg: 0x1E Val: 0x00000007
[inst #682] jal x0,-64
Register Write to Reg: 0x00 Val: 0x004000CC
[inst #683] blt x6,x29,100
[inst #684] blt x12,x28,64
[inst #685] blt x6,x29,32
[inst #686] slli x31,x29,2
Register Write to Reg: 0x1F Val: 0x0000000C
[inst #687] add x31,x10,x31
Register Write to Reg: 0x1F Val: 0x1001000C
[inst #688] lw x8,0(x31)
Register Write to Reg: 0x08 Val: 0x00000008
[inst #689] sw x8,0(x7)
Memory Write to Addr: 0x7FFFEFC8 Val: 0x00000008
[inst #690] addi x29,x29,1
Register Write to Reg: 0x1D Val: 0x00000004
[inst #691] addi x7,x7,4
Register Write to Reg: 0x07 Val: 0x7FFFEFCC
[inst #692] jal x0,-28
Register Write to Reg: 0x00 Val: 0x004000EC
[inst #693] blt x6,x29,32
[inst #694] blt x12,x28,32
[inst #695] add x7,x0,x2
Register Write to Reg: 0x07 Val: 0x7FFFEFAC
[inst #696] add x29,x0,x11
Register Write to Reg: 0x1D Val: 0x00000000
[inst #697] blt x12,x29,32
[inst #698] lw x8,0(x7)
Register Write to Reg: 0x08 Val: 0x00000001
[inst #699] slli x31,x29,2
Register Write to Reg: 0x1F Val: 0x00000000
[inst #700] add x31,x10,x31
Register Write to Reg: 0x1F Val: 0x10010000
[inst #701] sw x8,0(x31)
Memory Write to Addr: 0x10010000 Val: 0x00000001
[inst #702] addi x7,x7,4
Register Write to Reg: 0x07 Val: 0x7FFFEFB0
[inst #703] addi x29,x29,1
Register Write to Reg: 0x1D Val: 0x00000001
[inst #704] jal x0,-28
Register Write to Reg: 0x00 Val: 0x00400134
[inst #705] blt x12,x29,32
[inst #706] lw x8,0(x7)
Register Write to Reg: 0x08 Val: 0x00000002
[inst #707] slli x31,x29,2
Register Write to Reg: 0x1F Val: 0x00000004
[inst #708] add x31,x10,x31
Register Write to Reg: 0x1F Val: 0x10010004
[inst #709] sw x8,0(x31)
Memory Write to Addr: 0x10010004 Val: 0x00000002
[inst #710] addi x7,x7,4
Register Write to Reg: 0x07 Val: 0x7FFFEFB4
[inst #711] addi x29,x29,1
Register Write to Reg: 0x1D Val: 0x00000002
[inst #712] jal x0,-28
Register Write to Reg: 0x00 Val: 0x00400134
[inst #713] blt x12,x29,32
[inst #714] lw x8,0(x7)
Register Write to Reg: 0x08 Val: 0x00000003
[inst #715] slli x31,x29,2
Register Write to Reg: 0x1F Val: 0x00000008
[inst #716] add x31,x10,x31
Register Write to Reg: 0x1F Val: 0x10010008
[inst #717] sw x8,0(x31)
Memory Write to Addr: 0x10010008 Val: 0x00000003
[inst #718] addi x7,x7,4
Register Write to Reg: 0x07 Val: 0x7FFFEFB8
[inst #719] addi x29,x29,1
Register Write to Reg: 0x1D Val: 0x00000003
[inst #720] jal x0,-28
Register Write to Reg: 0x00 Val: 0x00400134
[inst #721] blt x12,x29,32
[inst #722] lw x8,0(x7)
Register Write to Reg: 0x08 Val: 0x00000004
[inst #723] slli x31,x29,2
Register Write to Reg: 0x1F Val: 0x0000000C
[inst #724] add x31,x10,x31
Register Write to Reg: 0x1F Val: 0x1001000C
[inst #725] sw x8,0(x31)
Memory Write to Addr: 0x1001000C Val: 0x00000004
[inst #726] addi x7,x7,4
Register Write to Reg: 0x07 Val: 0x7FFFEFBC
[inst #727] addi x29,x29,1
Register Write to Reg: 0x1D Val: 0x00000004
[inst #728] jal x0,-28
Register Write to Reg: 0x00 Val: 0x00400134
[inst #729] blt x12,x29,32
[inst #730] lw x8,0(x7)
Register Write to Reg: 0x08 Val: 0x00000005
[inst #731] slli x31,x29,2
Register Write to Reg: 0x1F Val: 0x00000010
[inst #732] add x31,x10,x31
Register Write to Reg: 0x1F Val: 0x10010010
[inst #733] sw x8,0(x31)
Memory Write to Addr: 0x10010010 Val: 0x00000005
[inst #734] addi x7,x7,4
Register Write to Reg: 0x07 Val: 0x7FFFEFC0
[inst #735] addi x29,x29,1
Register Write to Reg: 0x1D Val: 0x00000005
[inst #736] jal x0,-28
Register Write to Reg: 0x00 Val: 0x00400134
[inst #737] blt x12,x29,32
[inst #738] lw x8,0(x7)
Register Write to Reg: 0x08 Val: 0x00000006
[inst #739] slli x31,x29,2
Register Write to Reg: 0x1F Val: 0x00000014
[inst #740] add x31,x10,x31
Register Write to Reg: 0x1F Val: 0x10010014
[inst #741] sw x8,0(x31)
Memory Write to Addr: 0x10010014 Val: 0x00000006
[inst #742] addi x7,x7,4
Register Write to Reg: 0x07 Val: 0x7FFFEFC4
[inst #743] addi x29,x29,1
Register Write to Reg: 0x1D Val: 0x00000006
[inst #744] jal x0,-28
Register Write to Reg: 0x00 Val: 0x00400134
[inst #745] blt x12,x29,32
[inst #746] lw x8,0(x7)
Register Write to Reg: 0x08 Val: 0x00000007
[inst #747] slli x31,x29,2
Register Write to Reg: 0x1F Val: 0x00000018
[inst #748] add x31,x10,x31
Register Write to Reg: 0x1F Val: 0x10010018
[inst #749] sw x8,0(x31)
Memory Write to Addr: 0x10010018 Val: 0x00000007
[inst #750] addi x7,x7,4
Register Write to Reg: 0x07 Val: 0x7FFFEFC8
[inst #751] addi x29,x29,1
Register Write to Reg: 0x1D Val: 0x00000007
[inst #752] jal x0,-28
Register Write to Reg: 0x00 Val: 0x00400134
[inst #753] blt x12,x29,32
[inst #754] lw x8,0(x7)
Register Write to Reg: 0x08 Val: 0x00000008
[inst #755] slli x31,x29,2
Register Write to Reg: 0x1F Val: 0x0000001C
[inst #756] add x31,x10,x31
Register Write to Reg: 0x1F Val: 0x1001001C
[inst #757] sw x8,0(x31)
Memory Write to Addr: 0x1001001C Val: 0x00000008
[inst #758] addi x7,x7,4
Register Write to Reg: 0x07 Val: 0x7FFFEFCC
[inst #759] addi x29,x29,1
Register Write to Reg: 0x1D Val: 0x00000008
[inst #760] jal x0,-28
Register Write to Reg: 0x00 Val: 0x00400134
[inst #761] blt x12,x29,32
[inst #762] addi x2,x2,64
Register Write to Reg: 0x02 Val: 0x7FFFEFEC
[inst #763] jalr x0,x1,0
Register Write to Reg: 0x00 Val: 0x0040013C
[inst #764] lw x1,12(x2)
Register Write to Reg: 0x01 Val: 0x0040001C
[inst #765] addi x2,x2,16
Register Write to Reg: 0x02 Val: 0x7FFFEFFC
[inst #766] jalr x0,x1,0
Register Write to Reg: 0x00 Val: 0x00400074
[inst #767] beq x0,x0,288
[inst #768] wfi 

Program terminated by dropping off the bottom.
